<?xml version="1.0" encoding="UTF-8"?>
<testng-results skipped="0" failed="1" ignored="0" total="2" passed="1">
  <reporter-output>
  </reporter-output>
  <suite name="Default suite" duration-ms="14765" started-at="2019-01-05T17:57:20Z" finished-at="2019-01-05T17:57:34Z">
    <groups>
    </groups>
    <test name="Default test" duration-ms="14765" started-at="2019-01-05T17:57:20Z" finished-at="2019-01-05T17:57:34Z">
      <class name="seleniumExcersises.ExtentReport4Demo">
        <test-method status="PASS" signature="SetExtent()[pri:0, instance:seleniumExcersises.ExtentReport4Demo@66d1af89]" name="SetExtent" is-config="true" duration-ms="177" started-at="2019-01-05T17:57:20Z" finished-at="2019-01-05T17:57:20Z">
          <reporter-output>
          </reporter-output>
        </test-method> <!-- SetExtent -->
        <test-method status="PASS" signature="Setup()[pri:0, instance:seleniumExcersises.ExtentReport4Demo@66d1af89]" name="Setup" is-config="true" duration-ms="7323" started-at="2019-01-05T17:57:20Z" finished-at="2019-01-05T17:57:27Z">
          <reporter-output>
          </reporter-output>
        </test-method> <!-- Setup -->
        <test-method status="PASS" signature="nocommerceLogoTest()[pri:0, instance:seleniumExcersises.ExtentReport4Demo@66d1af89]" name="nocommerceLogoTest" duration-ms="57" started-at="2019-01-05T17:57:27Z" finished-at="2019-01-05T17:57:27Z">
          <reporter-output>
          </reporter-output>
        </test-method> <!-- nocommerceLogoTest -->
        <test-method status="PASS" signature="TearDown(org.testng.ITestResult)[pri:0, instance:seleniumExcersises.ExtentReport4Demo@66d1af89]" name="TearDown" is-config="true" duration-ms="95" started-at="2019-01-05T17:57:27Z" finished-at="2019-01-05T17:57:27Z">
          <params>
            <param index="0">
              <value>
                <![CDATA[[TestResult name=nocommerceLogoTest status=SUCCESS method=ExtentReport4Demo.nocommerceLogoTest()[pri:0, instance:seleniumExcersises.ExtentReport4Demo@66d1af89] output={null}]]]>
              </value>
            </param>
          </params>
          <reporter-output>
          </reporter-output>
        </test-method> <!-- TearDown -->
        <test-method status="PASS" signature="Setup()[pri:0, instance:seleniumExcersises.ExtentReport4Demo@66d1af89]" name="Setup" is-config="true" duration-ms="5647" started-at="2019-01-05T17:57:27Z" finished-at="2019-01-05T17:57:33Z">
          <reporter-output>
          </reporter-output>
        </test-method> <!-- Setup -->
        <test-method status="FAIL" signature="nocommerceTitleTest()[pri:0, instance:seleniumExcersises.ExtentReport4Demo@66d1af89]" name="nocommerceTitleTest" duration-ms="15" started-at="2019-01-05T17:57:33Z" finished-at="2019-01-05T17:57:33Z">
          <exception class="java.lang.AssertionError">
            <message>
              <![CDATA[expected [tfyftyfdydtnopCommerce demo store] but found [nopCommerce demo store]]]>
            </message>
            <full-stacktrace>
              <![CDATA[java.lang.AssertionError: expected [tfyftyfdydtnopCommerce demo store] but found [nopCommerce demo store]
at org.testng.Assert.fail(Assert.java:96)
at org.testng.Assert.failNotEquals(Assert.java:776)
at org.testng.Assert.assertEqualsImpl(Assert.java:137)
at org.testng.Assert.assertEquals(Assert.java:118)
at org.testng.Assert.assertEquals(Assert.java:453)
at org.testng.Assert.assertEquals(Assert.java:463)
at seleniumExcersises.ExtentReport4Demo.nocommerceTitleTest(ExtentReport4Demo.java:79)
at sun.reflect.NativeMethodAccessorImpl.invoke0(Native Method)
at sun.reflect.NativeMethodAccessorImpl.invoke(NativeMethodAccessorImpl.java:62)
at sun.reflect.DelegatingMethodAccessorImpl.invoke(DelegatingMethodAccessorImpl.java:43)
at java.lang.reflect.Method.invoke(Method.java:498)
at org.testng.internal.MethodInvocationHelper.invokeMethod(MethodInvocationHelper.java:124)
at org.testng.internal.Invoker.invokeMethod(Invoker.java:580)
at org.testng.internal.Invoker.invokeTestMethod(Invoker.java:716)
at org.testng.internal.Invoker.invokeTestMethods(Invoker.java:988)
at org.testng.internal.TestMethodWorker.invokeTestMethods(TestMethodWorker.java:125)
at org.testng.internal.TestMethodWorker.run(TestMethodWorker.java:109)
at org.testng.TestRunner.privateRun(TestRunner.java:648)
at org.testng.TestRunner.run(TestRunner.java:505)
at org.testng.SuiteRunner.runTest(SuiteRunner.java:455)
at org.testng.SuiteRunner.runSequentially(SuiteRunner.java:450)
at org.testng.SuiteRunner.privateRun(SuiteRunner.java:415)
at org.testng.SuiteRunner.run(SuiteRunner.java:364)
at org.testng.SuiteRunnerWorker.runSuite(SuiteRunnerWorker.java:52)
at org.testng.SuiteRunnerWorker.run(SuiteRunnerWorker.java:84)
at org.testng.TestNG.runSuitesSequentially(TestNG.java:1208)
at org.testng.TestNG.runSuitesLocally(TestNG.java:1137)
at org.testng.TestNG.runSuites(TestNG.java:1049)
at org.testng.TestNG.run(TestNG.java:1017)
at org.testng.remote.AbstractRemoteTestNG.run(AbstractRemoteTestNG.java:114)
at org.testng.remote.RemoteTestNG.initAndRun(RemoteTestNG.java:251)
at org.testng.remote.RemoteTestNG.main(RemoteTestNG.java:77)
]]>
            </full-stacktrace>
          </exception> <!-- java.lang.AssertionError -->
          <reporter-output>
          </reporter-output>
        </test-method> <!-- nocommerceTitleTest -->
        <test-method status="PASS" signature="TearDown(org.testng.ITestResult)[pri:0, instance:seleniumExcersises.ExtentReport4Demo@66d1af89]" name="TearDown" is-config="true" duration-ms="1139" started-at="2019-01-05T17:57:33Z" finished-at="2019-01-05T17:57:34Z">
          <params>
            <param index="0">
              <value>
                <![CDATA[[TestResult name=nocommerceTitleTest status=FAILURE method=ExtentReport4Demo.nocommerceTitleTest()[pri:0, instance:seleniumExcersises.ExtentReport4Demo@66d1af89] output={null}]]]>
              </value>
            </param>
          </params>
          <reporter-output>
          </reporter-output>
        </test-method> <!-- TearDown -->
        <test-method status="PASS" signature="EndReport()[pri:0, instance:seleniumExcersises.ExtentReport4Demo@66d1af89]" name="EndReport" is-config="true" duration-ms="298" started-at="2019-01-05T17:57:34Z" finished-at="2019-01-05T17:57:34Z">
          <reporter-output>
          </reporter-output>
        </test-method> <!-- EndReport -->
      </class> <!-- seleniumExcersises.ExtentReport4Demo -->
    </test> <!-- Default test -->
  </suite> <!-- Default suite -->
</testng-results>
